{"/home/aditya/node_folder/jest-project/controller/student_controller.js": {"path":"/home/aditya/node_folder/jest-project/controller/student_controller.js","statementMap":{"0":{"start":{"line":1,"column":21},"end":{"line":1,"column":54}},"1":{"start":{"line":2,"column":12},"end":{"line":2,"column":35}},"2":{"start":{"line":3,"column":15},"end":{"line":3,"column":32}},"3":{"start":{"line":4,"column":0},"end":{"line":4,"column":27}},"4":{"start":{"line":5,"column":19},"end":{"line":5,"column":21}},"5":{"start":{"line":7,"column":22},"end":{"line":22,"column":1}},"6":{"start":{"line":8,"column":4},"end":{"line":21,"column":5}},"7":{"start":{"line":10,"column":26},"end":{"line":10,"column":77}},"8":{"start":{"line":11,"column":8},"end":{"line":17,"column":9}},"9":{"start":{"line":11,"column":22},"end":{"line":11,"column":72}},"10":{"start":{"line":13,"column":25},"end":{"line":13,"column":57}},"11":{"start":{"line":14,"column":12},"end":{"line":14,"column":75}},"12":{"start":{"line":15,"column":31},"end":{"line":15,"column":66}},"13":{"start":{"line":16,"column":12},"end":{"line":16,"column":45}},"14":{"start":{"line":19,"column":8},"end":{"line":19,"column":25}},"15":{"start":{"line":20,"column":8},"end":{"line":20,"column":59}},"16":{"start":{"line":24,"column":23},"end":{"line":32,"column":1}},"17":{"start":{"line":25,"column":4},"end":{"line":31,"column":5}},"18":{"start":{"line":26,"column":25},"end":{"line":26,"column":52}},"19":{"start":{"line":27,"column":8},"end":{"line":27,"column":80}},"20":{"start":{"line":27,"column":42},"end":{"line":27,"column":80}},"21":{"start":{"line":28,"column":8},"end":{"line":28,"column":57}},"22":{"start":{"line":30,"column":8},"end":{"line":30,"column":34}},"23":{"start":{"line":34,"column":25},"end":{"line":43,"column":1}},"24":{"start":{"line":35,"column":4},"end":{"line":42,"column":5}},"25":{"start":{"line":36,"column":22},"end":{"line":36,"column":64}},"26":{"start":{"line":37,"column":8},"end":{"line":37,"column":53}},"27":{"start":{"line":37,"column":18},"end":{"line":37,"column":53}},"28":{"start":{"line":38,"column":8},"end":{"line":38,"column":87}},"29":{"start":{"line":41,"column":8},"end":{"line":41,"column":34}},"30":{"start":{"line":45,"column":26},"end":{"line":57,"column":1}},"31":{"start":{"line":46,"column":4},"end":{"line":56,"column":5}},"32":{"start":{"line":47,"column":8},"end":{"line":50,"column":9}},"33":{"start":{"line":48,"column":30},"end":{"line":48,"column":81}},"34":{"start":{"line":49,"column":12},"end":{"line":49,"column":89}},"35":{"start":{"line":49,"column":26},"end":{"line":49,"column":89}},"36":{"start":{"line":51,"column":31},"end":{"line":51,"column":119}},"37":{"start":{"line":52,"column":8},"end":{"line":52,"column":71}},"38":{"start":{"line":52,"column":27},"end":{"line":52,"column":71}},"39":{"start":{"line":53,"column":8},"end":{"line":53,"column":57}},"40":{"start":{"line":55,"column":8},"end":{"line":55,"column":34}},"41":{"start":{"line":59,"column":22},"end":{"line":67,"column":1}},"42":{"start":{"line":60,"column":4},"end":{"line":66,"column":5}},"43":{"start":{"line":61,"column":31},"end":{"line":61,"column":82}},"44":{"start":{"line":62,"column":8},"end":{"line":62,"column":71}},"45":{"start":{"line":62,"column":27},"end":{"line":62,"column":71}},"46":{"start":{"line":63,"column":8},"end":{"line":63,"column":84}},"47":{"start":{"line":65,"column":8},"end":{"line":65,"column":34}},"48":{"start":{"line":69,"column":21},"end":{"line":85,"column":1}},"49":{"start":{"line":70,"column":4},"end":{"line":84,"column":5}},"50":{"start":{"line":71,"column":24},"end":{"line":71,"column":75}},"51":{"start":{"line":72,"column":8},"end":{"line":80,"column":9}},"52":{"start":{"line":73,"column":24},"end":{"line":73,"column":81}},"53":{"start":{"line":74,"column":12},"end":{"line":78,"column":13}},"54":{"start":{"line":75,"column":30},"end":{"line":75,"column":104}},"55":{"start":{"line":76,"column":16},"end":{"line":76,"column":48}},"56":{"start":{"line":77,"column":16},"end":{"line":77,"column":53}},"57":{"start":{"line":79,"column":12},"end":{"line":79,"column":61}},"58":{"start":{"line":81,"column":8},"end":{"line":81,"column":53}},"59":{"start":{"line":83,"column":8},"end":{"line":83,"column":34}},"60":{"start":{"line":87,"column":0},"end":{"line":94,"column":2}}},"fnMap":{"0":{"name":"(anonymous_0)","decl":{"start":{"line":7,"column":22},"end":{"line":7,"column":23}},"loc":{"start":{"line":7,"column":46},"end":{"line":22,"column":1}},"line":7},"1":{"name":"(anonymous_1)","decl":{"start":{"line":24,"column":23},"end":{"line":24,"column":24}},"loc":{"start":{"line":24,"column":47},"end":{"line":32,"column":1}},"line":24},"2":{"name":"(anonymous_2)","decl":{"start":{"line":34,"column":25},"end":{"line":34,"column":26}},"loc":{"start":{"line":34,"column":49},"end":{"line":43,"column":1}},"line":34},"3":{"name":"(anonymous_3)","decl":{"start":{"line":45,"column":26},"end":{"line":45,"column":27}},"loc":{"start":{"line":45,"column":50},"end":{"line":57,"column":1}},"line":45},"4":{"name":"(anonymous_4)","decl":{"start":{"line":59,"column":22},"end":{"line":59,"column":23}},"loc":{"start":{"line":59,"column":46},"end":{"line":67,"column":1}},"line":59},"5":{"name":"(anonymous_5)","decl":{"start":{"line":69,"column":21},"end":{"line":69,"column":22}},"loc":{"start":{"line":69,"column":45},"end":{"line":85,"column":1}},"line":69}},"branchMap":{"0":{"loc":{"start":{"line":11,"column":8},"end":{"line":17,"column":9}},"type":"if","locations":[{"start":{"line":11,"column":8},"end":{"line":17,"column":9}},{"start":{"line":11,"column":8},"end":{"line":17,"column":9}}],"line":11},"1":{"loc":{"start":{"line":27,"column":8},"end":{"line":27,"column":80}},"type":"if","locations":[{"start":{"line":27,"column":8},"end":{"line":27,"column":80}},{"start":{"line":27,"column":8},"end":{"line":27,"column":80}}],"line":27},"2":{"loc":{"start":{"line":27,"column":11},"end":{"line":27,"column":40}},"type":"binary-expr","locations":[{"start":{"line":27,"column":11},"end":{"line":27,"column":19}},{"start":{"line":27,"column":23},"end":{"line":27,"column":40}}],"line":27},"3":{"loc":{"start":{"line":37,"column":8},"end":{"line":37,"column":53}},"type":"if","locations":[{"start":{"line":37,"column":8},"end":{"line":37,"column":53}},{"start":{"line":37,"column":8},"end":{"line":37,"column":53}}],"line":37},"4":{"loc":{"start":{"line":47,"column":8},"end":{"line":50,"column":9}},"type":"if","locations":[{"start":{"line":47,"column":8},"end":{"line":50,"column":9}},{"start":{"line":47,"column":8},"end":{"line":50,"column":9}}],"line":47},"5":{"loc":{"start":{"line":49,"column":12},"end":{"line":49,"column":89}},"type":"if","locations":[{"start":{"line":49,"column":12},"end":{"line":49,"column":89}},{"start":{"line":49,"column":12},"end":{"line":49,"column":89}}],"line":49},"6":{"loc":{"start":{"line":52,"column":8},"end":{"line":52,"column":71}},"type":"if","locations":[{"start":{"line":52,"column":8},"end":{"line":52,"column":71}},{"start":{"line":52,"column":8},"end":{"line":52,"column":71}}],"line":52},"7":{"loc":{"start":{"line":62,"column":8},"end":{"line":62,"column":71}},"type":"if","locations":[{"start":{"line":62,"column":8},"end":{"line":62,"column":71}},{"start":{"line":62,"column":8},"end":{"line":62,"column":71}}],"line":62},"8":{"loc":{"start":{"line":72,"column":8},"end":{"line":80,"column":9}},"type":"if","locations":[{"start":{"line":72,"column":8},"end":{"line":80,"column":9}},{"start":{"line":72,"column":8},"end":{"line":80,"column":9}}],"line":72},"9":{"loc":{"start":{"line":74,"column":12},"end":{"line":78,"column":13}},"type":"if","locations":[{"start":{"line":74,"column":12},"end":{"line":78,"column":13}},{"start":{"line":74,"column":12},"end":{"line":78,"column":13}}],"line":74}},"s":{"0":6,"1":6,"2":6,"3":6,"4":6,"5":6,"6":3,"7":3,"8":3,"9":1,"10":2,"11":2,"12":2,"13":1,"14":1,"15":1,"16":6,"17":3,"18":3,"19":2,"20":1,"21":1,"22":1,"23":6,"24":3,"25":3,"26":2,"27":1,"28":1,"29":1,"30":6,"31":4,"32":4,"33":3,"34":3,"35":1,"36":3,"37":2,"38":1,"39":1,"40":1,"41":6,"42":3,"43":3,"44":2,"45":1,"46":1,"47":1,"48":6,"49":4,"50":4,"51":3,"52":2,"53":2,"54":1,"55":1,"56":1,"57":1,"58":1,"59":1,"60":6},"f":{"0":3,"1":3,"2":3,"3":4,"4":3,"5":4},"b":{"0":[1,2],"1":[1,1],"2":[2,1],"3":[1,1],"4":[3,1],"5":[1,2],"6":[1,1],"7":[1,1],"8":[2,1],"9":[1,1]},"_coverageSchema":"1a1c01bbd47fc00a2c39e90264f33305004495a9","hash":"8327e6708ef2e364bb6b19283a9807ae656b468d"}
,"/home/aditya/node_folder/jest-project/model/student_model.js": {"path":"/home/aditya/node_folder/jest-project/model/student_model.js","statementMap":{"0":{"start":{"line":1,"column":17},"end":{"line":1,"column":36}},"1":{"start":{"line":2,"column":22},"end":{"line":21,"column":2}},"2":{"start":{"line":24,"column":0},"end":{"line":24,"column":25}},"3":{"start":{"line":26,"column":21},"end":{"line":26,"column":66}},"4":{"start":{"line":27,"column":0},"end":{"line":27,"column":30}}},"fnMap":{},"branchMap":{},"s":{"0":6,"1":6,"2":6,"3":6,"4":6},"f":{},"b":{},"_coverageSchema":"1a1c01bbd47fc00a2c39e90264f33305004495a9","hash":"4d89e708357de50c3c08500d8bde8ddc5068752a"}
}
