TN:
SF:controller/student_controller.js
FN:7,(anonymous_0)
FN:24,(anonymous_1)
FN:34,(anonymous_2)
FN:45,(anonymous_3)
FN:59,(anonymous_4)
FN:69,(anonymous_5)
FNF:6
FNH:6
FNDA:3,(anonymous_0)
FNDA:3,(anonymous_1)
FNDA:3,(anonymous_2)
FNDA:4,(anonymous_3)
FNDA:3,(anonymous_4)
FNDA:4,(anonymous_5)
DA:1,6
DA:2,6
DA:3,6
DA:4,6
DA:5,6
DA:7,6
DA:8,3
DA:10,3
DA:11,3
DA:13,2
DA:14,2
DA:15,2
DA:16,1
DA:19,1
DA:20,1
DA:24,6
DA:25,3
DA:26,3
DA:27,2
DA:28,1
DA:30,1
DA:34,6
DA:35,3
DA:36,3
DA:37,2
DA:38,1
DA:41,1
DA:45,6
DA:46,4
DA:47,4
DA:48,3
DA:49,3
DA:51,3
DA:52,2
DA:53,1
DA:55,1
DA:59,6
DA:60,3
DA:61,3
DA:62,2
DA:63,1
DA:65,1
DA:69,6
DA:70,4
DA:71,4
DA:72,3
DA:73,2
DA:74,2
DA:75,1
DA:76,1
DA:77,1
DA:79,1
DA:81,1
DA:83,1
DA:87,6
LF:55
LH:55
BRDA:11,0,0,1
BRDA:11,0,1,2
BRDA:27,1,0,1
BRDA:27,1,1,1
BRDA:27,2,0,2
BRDA:27,2,1,1
BRDA:37,3,0,1
BRDA:37,3,1,1
BRDA:47,4,0,3
BRDA:47,4,1,1
BRDA:49,5,0,1
BRDA:49,5,1,2
BRDA:52,6,0,1
BRDA:52,6,1,1
BRDA:62,7,0,1
BRDA:62,7,1,1
BRDA:72,8,0,2
BRDA:72,8,1,1
BRDA:74,9,0,1
BRDA:74,9,1,1
BRF:20
BRH:20
end_of_record
TN:
SF:model/student_model.js
FNF:0
FNH:0
DA:1,6
DA:2,6
DA:24,6
DA:26,6
DA:27,6
LF:5
LH:5
BRF:0
BRH:0
end_of_record
